<?xml version="1.0" encoding="UTF-8"?>
<!-- Generated by org.testng.reporters.JUnitReportReporter -->
<testsuite hostname="DESKTOP-L6FTIVI" failures="0" tests="1" name="tests.basic2" time="24.056" errors="0" timestamp="2024-06-05T03:04:14 IST" skipped="0">
  <testcase classname="tests.basic2" name="orderConfirmation" time="24.056"/>
  <system-out/>
</testsuite> <!-- tests.basic2 -->
