<?xml version="1.0" encoding="UTF-8"?>
<!-- Generated by org.testng.reporters.JUnitReportReporter -->
<testsuite hostname="DESKTOP-L6FTIVI" failures="0" tests="1" name="tests.ErrorValidation" time="15.310" errors="0" timestamp="2024-06-05T03:23:01 IST" skipped="0">
  <testcase classname="tests.ErrorValidation" name="orderConfirmation" time="15.310"/>
  <system-out/>
</testsuite> <!-- tests.ErrorValidation -->
