<?xml version="1.0" encoding="UTF-8"?>
<!-- Generated by org.testng.reporters.JUnitReportReporter -->
<testsuite hostname="DESKTOP-L6FTIVI" failures="0" tests="1" name="tests.ErrorValidationTest" time="10.392" errors="0" timestamp="2024-06-06T23:51:18 IST" skipped="0">
  <testcase classname="tests.ErrorValidationTest" name="loginErrorValidation" time="10.392"/>
  <system-out/>
</testsuite> <!-- tests.ErrorValidationTest -->
