<?xml version="1.0" encoding="UTF-8"?>
<!-- Generated by org.testng.reporters.JUnitReportReporter -->
<testsuite hostname="DESKTOP-L6FTIVI" failures="0" tests="1" name="tests.SubmitOrderTest" time="9.811" errors="0" timestamp="2024-06-08T19:04:48 IST" skipped="0">
  <testcase classname="tests.SubmitOrderTest" name="orderHistory" time="9.811"/>
  <system-out/>
</testsuite> <!-- tests.SubmitOrderTest -->
