<?xml version="1.0" encoding="UTF-8"?>
<!-- Generated by org.testng.reporters.JUnitReportReporter -->
<testsuite hostname="DESKTOP-L6FTIVI" failures="0" tests="1" name="data.DataDriven" time="2.100" errors="0" timestamp="2024-06-07T21:01:51 IST" skipped="0">
  <testcase classname="data.DataDriven" name="excel" time="2.100"/>
  <system-out/>
</testsuite> <!-- data.DataDriven -->
